build/app/intermediates/manifest_merge_blame_file/debug/manifest-merger-blame-debug-report.txt
1<?xml version="1.0" encoding="utf-8"?>
2<manifest xmlns:android="http://schemas.android.com/apk/res/android"
3    package="com.app.messio.messio1"
4    android:versionCode="1"
5    android:versionName="1.0.0" >
6
7    <uses-sdk
8        android:minSdkVersion="19"
9        android:targetSdkVersion="28" />
10    <!--
11         Flutter needs it to communicate with the running application
12         to allow setting breakpoints, to provide hot reload, etc.
13    -->
14    <uses-permission android:name="android.permission.INTERNET" />
14-->src\debug\AndroidManifest.xml:6:5-66
14-->src\debug\AndroidManifest.xml:6:22-64
15    <uses-permission android:name="android.permission.WRITE_EXTERNAL_STORAGE" />
15-->src\main\AndroidManifest.xml:42:5-80
15-->src\main\AndroidManifest.xml:42:22-78
16    <uses-permission android:name="android.permission.READ_EXTERNAL_STORAGE" /> <!-- Although the *SdkVersion is captured in gradle build files, this is required for non gradle builds -->
16-->[:image_picker] AndroidManifest.xml:7:5-80
16-->[:image_picker] AndroidManifest.xml:7:22-77
17    <!-- <uses-sdk android:minSdkVersion="14" /> -->
18    <uses-permission android:name="android.permission.ACCESS_NETWORK_STATE" />
18-->[com.google.firebase:firebase-firestore:21.3.0] AndroidManifest.xml:13:5-79
18-->[com.google.firebase:firebase-firestore:21.3.0] AndroidManifest.xml:13:22-76
19    <uses-permission android:name="android.permission.WAKE_LOCK" />
19-->[androidx.work:work-runtime:2.3.4] AndroidManifest.xml:25:5-68
19-->[androidx.work:work-runtime:2.3.4] AndroidManifest.xml:25:22-65
20    <uses-permission android:name="android.permission.RECEIVE_BOOT_COMPLETED" />
20-->[androidx.work:work-runtime:2.3.4] AndroidManifest.xml:27:5-81
20-->[androidx.work:work-runtime:2.3.4] AndroidManifest.xml:27:22-78
21    <uses-permission android:name="android.permission.FOREGROUND_SERVICE" />
21-->[androidx.work:work-runtime:2.3.4] AndroidManifest.xml:28:5-77
21-->[androidx.work:work-runtime:2.3.4] AndroidManifest.xml:28:22-74
22    <!--
23 io.flutter.app.FlutterApplication is an android.app.Application that
24         calls FlutterMain.startInitialization(this); in its onCreate method.
25         In most cases you can leave this as-is, but you if you want to provide
26         additional functionality it is fine to subclass or reimplement
27         FlutterApplication and put your custom class here.
28    -->
29    <application
29-->src\main\AndroidManifest.xml:9:5-41:19
30        android:name="io.flutter.app.FlutterApplication"
30-->src\main\AndroidManifest.xml:10:9-57
31        android:appComponentFactory="androidx.core.app.CoreComponentFactory"
31-->[androidx.core:core:1.2.0] AndroidManifest.xml:24:18-86
32        android:debuggable="true"
33        android:icon="@mipmap/ic_launcher"
33-->src\main\AndroidManifest.xml:12:9-43
34        android:label="messio" >
34-->src\main\AndroidManifest.xml:11:9-31
35        <activity
35-->src\main\AndroidManifest.xml:13:9-31:20
36            android:name="com.app.messio.messio1.MainActivity"
36-->src\main\AndroidManifest.xml:14:13-41
37            android:configChanges="orientation|keyboardHidden|keyboard|screenSize|locale|layoutDirection|fontScale|screenLayout|density|uiMode"
37-->src\main\AndroidManifest.xml:17:13-144
38            android:hardwareAccelerated="true"
38-->src\main\AndroidManifest.xml:18:13-47
39            android:launchMode="singleTop"
39-->src\main\AndroidManifest.xml:15:13-43
40            android:theme="@style/LaunchTheme"
40-->src\main\AndroidManifest.xml:16:13-47
41            android:windowSoftInputMode="adjustResize" >
41-->src\main\AndroidManifest.xml:19:13-55
42
43            <!--
44                 This keeps the window background of the activity showing
45                 until Flutter renders its first frame. It can be removed if
46                 there is no splash screen (such as the default splash screen
47                 defined in @style/LaunchTheme).
48            -->
49            <meta-data
49-->src\main\AndroidManifest.xml:24:13-26:40
50                android:name="io.flutter.app.android.SplashScreenUntilFirstFrame"
50-->src\main\AndroidManifest.xml:25:17-82
51                android:value="true" />
51-->src\main\AndroidManifest.xml:26:17-37
52
53            <intent-filter>
53-->src\main\AndroidManifest.xml:27:13-30:29
54                <action android:name="android.intent.action.MAIN" />
54-->src\main\AndroidManifest.xml:28:17-68
54-->src\main\AndroidManifest.xml:28:25-66
55
56                <category android:name="android.intent.category.LAUNCHER" />
56-->src\main\AndroidManifest.xml:29:17-76
56-->src\main\AndroidManifest.xml:29:27-74
57            </intent-filter>
58        </activity>
59
60        <provider
61            android:name="vn.hunghd.flutterdownloader.DownloadedFileProvider"
62            android:authorities="com.app.messio.messio1.flutter_downloader.provider"
63            android:exported="false"
64            android:grantUriPermissions="true" >
65            <meta-data
65-->[:image_picker] AndroidManifest.xml:16:13-18:75
66                android:name="android.support.FILE_PROVIDER_PATHS"
66-->[:image_picker] AndroidManifest.xml:17:17-67
67                android:resource="@xml/provider_paths" />
67-->[:image_picker] AndroidManifest.xml:18:17-72
68        </provider>
69        <provider
69-->[:image_picker] AndroidManifest.xml:11:9-19:20
70            android:name="io.flutter.plugins.imagepicker.ImagePickerFileProvider"
70-->[:image_picker] AndroidManifest.xml:12:13-82
71            android:authorities="com.app.messio.messio1.flutter.image_provider"
71-->[:image_picker] AndroidManifest.xml:13:13-74
72            android:exported="false"
72-->[:image_picker] AndroidManifest.xml:14:13-37
73            android:grantUriPermissions="true" >
73-->[:image_picker] AndroidManifest.xml:15:13-47
74            <meta-data
74-->[:image_picker] AndroidManifest.xml:16:13-18:75
75                android:name="android.support.FILE_PROVIDER_PATHS"
75-->[:image_picker] AndroidManifest.xml:17:17-67
76                android:resource="@xml/flutter_image_picker_file_paths" />
76-->[:image_picker] AndroidManifest.xml:18:17-72
77        </provider>
78
79        <service
79-->[:cloud_firestore] AndroidManifest.xml:8:9-12:19
80            android:name="com.google.firebase.components.ComponentDiscoveryService"
80-->[:cloud_firestore] AndroidManifest.xml:8:18-89
81            android:directBootAware="true"
81-->[com.google.firebase:firebase-common:19.3.0] AndroidManifest.xml:34:13-43
82            android:exported="false" >
82-->[com.google.firebase:firebase-firestore:21.3.0] AndroidManifest.xml:19:13-37
83            <meta-data
83-->[:cloud_firestore] AndroidManifest.xml:9:13-11:85
84                android:name="com.google.firebase.components:io.flutter.plugins.firebase.cloudfirestore.FlutterFirebaseAppRegistrar"
84-->[:cloud_firestore] AndroidManifest.xml:10:17-133
85                android:value="com.google.firebase.components.ComponentRegistrar" />
85-->[:cloud_firestore] AndroidManifest.xml:11:17-82
86            <meta-data
86-->[:firebase_auth] AndroidManifest.xml:9:13-11:85
87                android:name="com.google.firebase.components:io.flutter.plugins.firebaseauth.FlutterFirebaseAppRegistrar"
87-->[:firebase_auth] AndroidManifest.xml:10:17-122
88                android:value="com.google.firebase.components.ComponentRegistrar" />
88-->[:firebase_auth] AndroidManifest.xml:11:17-82
89            <meta-data
89-->[:firebase_storage] AndroidManifest.xml:9:13-11:85
90                android:name="com.google.firebase.components:io.flutter.plugins.firebase.storage.FlutterFirebaseAppRegistrar"
90-->[:firebase_storage] AndroidManifest.xml:10:17-126
91                android:value="com.google.firebase.components.ComponentRegistrar" />
91-->[:firebase_storage] AndroidManifest.xml:11:17-82
92            <meta-data
92-->[:firebase_core] AndroidManifest.xml:9:13-11:85
93                android:name="com.google.firebase.components:io.flutter.plugins.firebase.core.FlutterFirebaseAppRegistrar"
93-->[:firebase_core] AndroidManifest.xml:10:17-123
94                android:value="com.google.firebase.components.ComponentRegistrar" />
94-->[:firebase_core] AndroidManifest.xml:11:17-82
95            <meta-data
95-->[com.google.firebase:firebase-firestore:21.3.0] AndroidManifest.xml:20:13-22:85
96                android:name="com.google.firebase.components:com.google.firebase.firestore.FirestoreRegistrar"
96-->[com.google.firebase:firebase-firestore:21.3.0] AndroidManifest.xml:21:17-111
97                android:value="com.google.firebase.components.ComponentRegistrar" />
97-->[com.google.firebase:firebase-firestore:21.3.0] AndroidManifest.xml:22:17-82
98            <meta-data
98-->[com.google.firebase:firebase-auth:17.0.0] AndroidManifest.xml:36:13-38:85
99                android:name="com.google.firebase.components:com.google.firebase.auth.FirebaseAuthRegistrar"
99-->[com.google.firebase:firebase-auth:17.0.0] AndroidManifest.xml:37:17-109
100                android:value="com.google.firebase.components.ComponentRegistrar" />
100-->[com.google.firebase:firebase-auth:17.0.0] AndroidManifest.xml:38:17-82
101            <meta-data
101-->[com.google.firebase:firebase-storage:17.0.0] AndroidManifest.xml:31:13-33:85
102                android:name="com.google.firebase.components:com.google.firebase.storage.StorageRegistrar"
102-->[com.google.firebase:firebase-storage:17.0.0] AndroidManifest.xml:32:17-107
103                android:value="com.google.firebase.components.ComponentRegistrar" />
103-->[com.google.firebase:firebase-storage:17.0.0] AndroidManifest.xml:33:17-82
104        </service>
105
106        <activity
106-->[com.google.android.gms:play-services-auth:16.0.1] AndroidManifest.xml:23:9-27:75
107            android:name="com.google.android.gms.auth.api.signin.internal.SignInHubActivity"
107-->[com.google.android.gms:play-services-auth:16.0.1] AndroidManifest.xml:24:13-93
108            android:excludeFromRecents="true"
108-->[com.google.android.gms:play-services-auth:16.0.1] AndroidManifest.xml:25:13-46
109            android:exported="false"
109-->[com.google.android.gms:play-services-auth:16.0.1] AndroidManifest.xml:26:13-37
110            android:theme="@android:style/Theme.Translucent.NoTitleBar" />
110-->[com.google.android.gms:play-services-auth:16.0.1] AndroidManifest.xml:27:13-72
111        <!--
112            Service handling Google Sign-In user revocation. For apps that do not integrate with
113            Google Sign-In, this service will never be started.
114        -->
115        <service
115-->[com.google.android.gms:play-services-auth:16.0.1] AndroidManifest.xml:33:9-36:110
116            android:name="com.google.android.gms.auth.api.signin.RevocationBoundService"
116-->[com.google.android.gms:play-services-auth:16.0.1] AndroidManifest.xml:34:13-89
117            android:exported="true"
117-->[com.google.android.gms:play-services-auth:16.0.1] AndroidManifest.xml:35:13-36
118            android:permission="com.google.android.gms.auth.api.signin.permission.REVOCATION_NOTIFICATION" />
118-->[com.google.android.gms:play-services-auth:16.0.1] AndroidManifest.xml:36:13-107
119
120        <activity
120-->[com.google.firebase:firebase-auth:17.0.0] AndroidManifest.xml:24:9-31:50
121            android:name="com.google.firebase.auth.internal.FederatedSignInActivity"
121-->[com.google.firebase:firebase-auth:17.0.0] AndroidManifest.xml:25:13-85
122            android:excludeFromRecents="true"
122-->[com.google.firebase:firebase-auth:17.0.0] AndroidManifest.xml:26:13-46
123            android:exported="true"
123-->[com.google.firebase:firebase-auth:17.0.0] AndroidManifest.xml:27:13-36
124            android:launchMode="singleTask"
124-->[com.google.firebase:firebase-auth:17.0.0] AndroidManifest.xml:28:13-44
125            android:permission="com.google.firebase.auth.api.gms.permission.LAUNCH_FEDERATED_SIGN_IN"
125-->[com.google.firebase:firebase-auth:17.0.0] AndroidManifest.xml:29:13-102
126            android:theme="@android:style/Theme.Translucent.NoTitleBar" />
126-->[com.google.firebase:firebase-auth:17.0.0] AndroidManifest.xml:30:13-72
127        <activity
127-->[com.google.android.gms:play-services-base:17.0.0] AndroidManifest.xml:23:9-26:75
128            android:name="com.google.android.gms.common.api.GoogleApiActivity"
128-->[com.google.android.gms:play-services-base:17.0.0] AndroidManifest.xml:24:13-79
129            android:exported="false"
129-->[com.google.android.gms:play-services-base:17.0.0] AndroidManifest.xml:25:13-37
130            android:theme="@android:style/Theme.Translucent.NoTitleBar" />
130-->[com.google.android.gms:play-services-base:17.0.0] AndroidManifest.xml:26:13-72
131
132        <provider
132-->[com.google.firebase:firebase-common:19.3.0] AndroidManifest.xml:26:9-30:39
133            android:name="com.google.firebase.provider.FirebaseInitProvider"
133-->[com.google.firebase:firebase-common:19.3.0] AndroidManifest.xml:27:13-77
134            android:authorities="com.app.messio.messio1.firebaseinitprovider"
134-->[com.google.firebase:firebase-common:19.3.0] AndroidManifest.xml:28:13-72
135            android:exported="false"
135-->[com.google.firebase:firebase-common:19.3.0] AndroidManifest.xml:29:13-37
136            android:initOrder="100" />
136-->[com.google.firebase:firebase-common:19.3.0] AndroidManifest.xml:30:13-36
137
138        <meta-data
138-->[com.google.android.gms:play-services-basement:17.0.0] AndroidManifest.xml:23:9-25:69
139            android:name="com.google.android.gms.version"
139-->[com.google.android.gms:play-services-basement:17.0.0] AndroidManifest.xml:24:13-58
140            android:value="@integer/google_play_services_version" />
140-->[com.google.android.gms:play-services-basement:17.0.0] AndroidManifest.xml:25:13-66
141
142        <provider
142-->[androidx.work:work-runtime:2.3.4] AndroidManifest.xml:31:9-37:35
143            android:name="androidx.work.impl.WorkManagerInitializer"
143-->[androidx.work:work-runtime:2.3.4] AndroidManifest.xml:32:13-69
144            android:authorities="com.app.messio.messio1.workmanager-init"
144-->[androidx.work:work-runtime:2.3.4] AndroidManifest.xml:33:13-68
145            android:directBootAware="false"
145-->[androidx.work:work-runtime:2.3.4] AndroidManifest.xml:34:13-44
146            android:exported="false"
146-->[androidx.work:work-runtime:2.3.4] AndroidManifest.xml:35:13-37
147            android:multiprocess="true" />
147-->[androidx.work:work-runtime:2.3.4] AndroidManifest.xml:36:13-40
148
149        <service
149-->[androidx.work:work-runtime:2.3.4] AndroidManifest.xml:39:9-44:35
150            android:name="androidx.work.impl.background.systemalarm.SystemAlarmService"
150-->[androidx.work:work-runtime:2.3.4] AndroidManifest.xml:40:13-88
151            android:directBootAware="false"
151-->[androidx.work:work-runtime:2.3.4] AndroidManifest.xml:41:13-44
152            android:enabled="@bool/enable_system_alarm_service_default"
152-->[androidx.work:work-runtime:2.3.4] AndroidManifest.xml:42:13-72
153            android:exported="false" />
153-->[androidx.work:work-runtime:2.3.4] AndroidManifest.xml:43:13-37
154        <service
154-->[androidx.work:work-runtime:2.3.4] AndroidManifest.xml:45:9-51:35
155            android:name="androidx.work.impl.background.systemjob.SystemJobService"
155-->[androidx.work:work-runtime:2.3.4] AndroidManifest.xml:46:13-84
156            android:directBootAware="false"
156-->[androidx.work:work-runtime:2.3.4] AndroidManifest.xml:47:13-44
157            android:enabled="@bool/enable_system_job_service_default"
157-->[androidx.work:work-runtime:2.3.4] AndroidManifest.xml:48:13-70
158            android:exported="true"
158-->[androidx.work:work-runtime:2.3.4] AndroidManifest.xml:49:13-36
159            android:permission="android.permission.BIND_JOB_SERVICE" />
159-->[androidx.work:work-runtime:2.3.4] AndroidManifest.xml:50:13-69
160        <service
160-->[androidx.work:work-runtime:2.3.4] AndroidManifest.xml:52:9-57:35
161            android:name="androidx.work.impl.foreground.SystemForegroundService"
161-->[androidx.work:work-runtime:2.3.4] AndroidManifest.xml:53:13-81
162            android:directBootAware="false"
162-->[androidx.work:work-runtime:2.3.4] AndroidManifest.xml:54:13-44
163            android:enabled="@bool/enable_system_foreground_service_default"
163-->[androidx.work:work-runtime:2.3.4] AndroidManifest.xml:55:13-77
164            android:exported="false" />
164-->[androidx.work:work-runtime:2.3.4] AndroidManifest.xml:56:13-37
165
166        <receiver
166-->[androidx.work:work-runtime:2.3.4] AndroidManifest.xml:59:9-64:35
167            android:name="androidx.work.impl.utils.ForceStopRunnable$BroadcastReceiver"
167-->[androidx.work:work-runtime:2.3.4] AndroidManifest.xml:60:13-88
168            android:directBootAware="false"
168-->[androidx.work:work-runtime:2.3.4] AndroidManifest.xml:61:13-44
169            android:enabled="true"
169-->[androidx.work:work-runtime:2.3.4] AndroidManifest.xml:62:13-35
170            android:exported="false" />
170-->[androidx.work:work-runtime:2.3.4] AndroidManifest.xml:63:13-37
171        <receiver
171-->[androidx.work:work-runtime:2.3.4] AndroidManifest.xml:65:9-75:20
172            android:name="androidx.work.impl.background.systemalarm.ConstraintProxy$BatteryChargingProxy"
172-->[androidx.work:work-runtime:2.3.4] AndroidManifest.xml:66:13-106
173            android:directBootAware="false"
173-->[androidx.work:work-runtime:2.3.4] AndroidManifest.xml:67:13-44
174            android:enabled="false"
174-->[androidx.work:work-runtime:2.3.4] AndroidManifest.xml:68:13-36
175            android:exported="false" >
175-->[androidx.work:work-runtime:2.3.4] AndroidManifest.xml:69:13-37
176            <intent-filter>
176-->[androidx.work:work-runtime:2.3.4] AndroidManifest.xml:71:13-74:29
177                <action android:name="android.intent.action.ACTION_POWER_CONNECTED" />
177-->[androidx.work:work-runtime:2.3.4] AndroidManifest.xml:72:17-87
177-->[androidx.work:work-runtime:2.3.4] AndroidManifest.xml:72:25-84
178                <action android:name="android.intent.action.ACTION_POWER_DISCONNECTED" />
178-->[androidx.work:work-runtime:2.3.4] AndroidManifest.xml:73:17-90
178-->[androidx.work:work-runtime:2.3.4] AndroidManifest.xml:73:25-87
179            </intent-filter>
180        </receiver>
181        <receiver
181-->[androidx.work:work-runtime:2.3.4] AndroidManifest.xml:76:9-86:20
182            android:name="androidx.work.impl.background.systemalarm.ConstraintProxy$BatteryNotLowProxy"
182-->[androidx.work:work-runtime:2.3.4] AndroidManifest.xml:77:13-104
183            android:directBootAware="false"
183-->[androidx.work:work-runtime:2.3.4] AndroidManifest.xml:78:13-44
184            android:enabled="false"
184-->[androidx.work:work-runtime:2.3.4] AndroidManifest.xml:79:13-36
185            android:exported="false" >
185-->[androidx.work:work-runtime:2.3.4] AndroidManifest.xml:80:13-37
186            <intent-filter>
186-->[androidx.work:work-runtime:2.3.4] AndroidManifest.xml:82:13-85:29
187                <action android:name="android.intent.action.BATTERY_OKAY" />
187-->[androidx.work:work-runtime:2.3.4] AndroidManifest.xml:83:17-77
187-->[androidx.work:work-runtime:2.3.4] AndroidManifest.xml:83:25-74
188                <action android:name="android.intent.action.BATTERY_LOW" />
188-->[androidx.work:work-runtime:2.3.4] AndroidManifest.xml:84:17-76
188-->[androidx.work:work-runtime:2.3.4] AndroidManifest.xml:84:25-73
189            </intent-filter>
190        </receiver>
191        <receiver
191-->[androidx.work:work-runtime:2.3.4] AndroidManifest.xml:87:9-97:20
192            android:name="androidx.work.impl.background.systemalarm.ConstraintProxy$StorageNotLowProxy"
192-->[androidx.work:work-runtime:2.3.4] AndroidManifest.xml:88:13-104
193            android:directBootAware="false"
193-->[androidx.work:work-runtime:2.3.4] AndroidManifest.xml:89:13-44
194            android:enabled="false"
194-->[androidx.work:work-runtime:2.3.4] AndroidManifest.xml:90:13-36
195            android:exported="false" >
195-->[androidx.work:work-runtime:2.3.4] AndroidManifest.xml:91:13-37
196            <intent-filter>
196-->[androidx.work:work-runtime:2.3.4] AndroidManifest.xml:93:13-96:29
197                <action android:name="android.intent.action.DEVICE_STORAGE_LOW" />
197-->[androidx.work:work-runtime:2.3.4] AndroidManifest.xml:94:17-83
197-->[androidx.work:work-runtime:2.3.4] AndroidManifest.xml:94:25-80
198                <action android:name="android.intent.action.DEVICE_STORAGE_OK" />
198-->[androidx.work:work-runtime:2.3.4] AndroidManifest.xml:95:17-82
198-->[androidx.work:work-runtime:2.3.4] AndroidManifest.xml:95:25-79
199            </intent-filter>
200        </receiver>
201        <receiver
201-->[androidx.work:work-runtime:2.3.4] AndroidManifest.xml:98:9-107:20
202            android:name="androidx.work.impl.background.systemalarm.ConstraintProxy$NetworkStateProxy"
202-->[androidx.work:work-runtime:2.3.4] AndroidManifest.xml:99:13-103
203            android:directBootAware="false"
203-->[androidx.work:work-runtime:2.3.4] AndroidManifest.xml:100:13-44
204            android:enabled="false"
204-->[androidx.work:work-runtime:2.3.4] AndroidManifest.xml:101:13-36
205            android:exported="false" >
205-->[androidx.work:work-runtime:2.3.4] AndroidManifest.xml:102:13-37
206            <intent-filter>
206-->[androidx.work:work-runtime:2.3.4] AndroidManifest.xml:104:13-106:29
207                <action android:name="android.net.conn.CONNECTIVITY_CHANGE" />
207-->[androidx.work:work-runtime:2.3.4] AndroidManifest.xml:105:17-79
207-->[androidx.work:work-runtime:2.3.4] AndroidManifest.xml:105:25-76
208            </intent-filter>
209        </receiver>
210        <receiver
210-->[androidx.work:work-runtime:2.3.4] AndroidManifest.xml:108:9-119:20
211            android:name="androidx.work.impl.background.systemalarm.RescheduleReceiver"
211-->[androidx.work:work-runtime:2.3.4] AndroidManifest.xml:109:13-88
212            android:directBootAware="false"
212-->[androidx.work:work-runtime:2.3.4] AndroidManifest.xml:110:13-44
213            android:enabled="false"
213-->[androidx.work:work-runtime:2.3.4] AndroidManifest.xml:111:13-36
214            android:exported="false" >
214-->[androidx.work:work-runtime:2.3.4] AndroidManifest.xml:112:13-37
215            <intent-filter>
215-->[androidx.work:work-runtime:2.3.4] AndroidManifest.xml:114:13-118:29
216                <action android:name="android.intent.action.BOOT_COMPLETED" />
216-->[androidx.work:work-runtime:2.3.4] AndroidManifest.xml:115:17-79
216-->[androidx.work:work-runtime:2.3.4] AndroidManifest.xml:115:25-76
217                <action android:name="android.intent.action.TIME_SET" />
217-->[androidx.work:work-runtime:2.3.4] AndroidManifest.xml:116:17-73
217-->[androidx.work:work-runtime:2.3.4] AndroidManifest.xml:116:25-70
218                <action android:name="android.intent.action.TIMEZONE_CHANGED" />
218-->[androidx.work:work-runtime:2.3.4] AndroidManifest.xml:117:17-81
218-->[androidx.work:work-runtime:2.3.4] AndroidManifest.xml:117:25-78
219            </intent-filter>
220        </receiver>
221        <receiver
221-->[androidx.work:work-runtime:2.3.4] AndroidManifest.xml:120:9-129:20
222            android:name="androidx.work.impl.background.systemalarm.ConstraintProxyUpdateReceiver"
222-->[androidx.work:work-runtime:2.3.4] AndroidManifest.xml:121:13-99
223            android:directBootAware="false"
223-->[androidx.work:work-runtime:2.3.4] AndroidManifest.xml:122:13-44
224            android:enabled="@bool/enable_system_alarm_service_default"
224-->[androidx.work:work-runtime:2.3.4] AndroidManifest.xml:123:13-72
225            android:exported="false" >
225-->[androidx.work:work-runtime:2.3.4] AndroidManifest.xml:124:13-37
226            <intent-filter>
226-->[androidx.work:work-runtime:2.3.4] AndroidManifest.xml:126:13-128:29
227                <action android:name="androidx.work.impl.background.systemalarm.UpdateProxies" />
227-->[androidx.work:work-runtime:2.3.4] AndroidManifest.xml:127:17-98
227-->[androidx.work:work-runtime:2.3.4] AndroidManifest.xml:127:25-95
228            </intent-filter>
229        </receiver>
230
231        <service
231-->[androidx.room:room-runtime:2.2.3] AndroidManifest.xml:25:9-27:40
232            android:name="androidx.room.MultiInstanceInvalidationService"
232-->[androidx.room:room-runtime:2.2.3] AndroidManifest.xml:26:13-74
233            android:exported="false" />
233-->[androidx.room:room-runtime:2.2.3] AndroidManifest.xml:27:13-37
234    </application>
235
236</manifest>